2025-11-13 00:05:42.587 | INFO     | src.main:__init__:68 - Arbitrage Bot initialized
2025-11-13 00:05:42.587 | INFO     | src.main:__init__:69 - Mode: auto
2025-11-13 00:05:42.587 | INFO     | src.main:run_auto_cycle:138 - Starting auto cycle - scanning all symbols
2025-11-13 00:05:44.145 | INFO     | src.data.loris_api:fetch_all_funding_rates:70 - Fetched 1429 symbols from Loris Tools
2025-11-13 00:05:44.145 | INFO     | src.main:run_auto_cycle:147 - Scanning 1429 symbols from Loris Tools
2025-11-13 00:05:44.146 | SUCCESS  | src.main:run_auto_cycle:153 - Found 23 opportunities
2025-11-13 00:05:44.147 | INFO     | src.main:display_top_opportunities:363 - 
  #  Symbole      Rate 1h    Rate 8h  $/h    Type           Prio
---  ---------  ---------  ---------  -----  -------------  ------
  1  AVNT        -0.00059   -0.00024  $5.90  both_negative
  2  APT         -0.00028   -0.0002   $2.80  both_negative
  3  ENA         -0.00023   -0.00066  $2.30  both_negative
  4  BNB         -0.00022   -6e-05    $2.20  both_negative
  5  AVAX         0.0001    -0.00033  $1.41  mixed
  6  ATOM         0.0001    -0.00028  $1.35  mixed
  7  ETC          0.0001    -0.00024  $1.30  mixed
  8  BERA         0.0001    -0.00021  $1.26  mixed
  9  FARTCOIN     0.00014    0.00011  $1.26  standard
 10  DOT          0.0001    -0.00017  $1.21  mixed
2025-11-13 00:05:44.147 | SUCCESS  | src.main:display_top_opportunities:367 - 🏆 Best: AVNT - $5.90/h ($44.80 per 8h cycle)
2025-11-13 00:05:44.147 | INFO     | src.main:run_auto_cycle:168 - Active pairs: 0/5
2025-11-13 00:05:44.147 | INFO     | src.main:run_auto_cycle:176 - Opening position for AVNT/USDT ($5.90/h)
2025-11-13 00:05:44.147 | INFO     | src.main:run_auto_cycle:176 - Opening position for APT/USDT ($2.80/h)
2025-11-13 00:05:44.148 | INFO     | src.main:run_auto_cycle:176 - Opening position for ENA/USDT ($2.30/h)
2025-11-13 00:05:44.148 | INFO     | src.main:run_auto_cycle:176 - Opening position for BNB/USDT ($2.20/h)
2025-11-13 00:05:44.148 | INFO     | src.main:run_auto_cycle:176 - Opening position for AVAX/USDT ($1.41/h)
2025-11-13 00:05:50.090 | INFO     | __main__:__init__:68 - Arbitrage Bot initialized
2025-11-13 00:05:50.090 | INFO     | __main__:__init__:69 - Mode: auto
2025-11-13 00:05:50.091 | INFO     | __main__:start:75 - ================================================================================
2025-11-13 00:05:50.091 | INFO     | __main__:start:76 - 🚀 TIMING FUNDING ARBITRAGE BOT - STARTED
2025-11-13 00:05:50.091 | INFO     | __main__:start:77 - ================================================================================
2025-11-13 00:05:50.091 | INFO     | __main__:start:78 - Mode: auto
2025-11-13 00:05:50.091 | INFO     | __main__:start:83 - Max concurrent pairs: 5
2025-11-13 00:05:50.091 | INFO     | __main__:start:84 - Min profit/hour: $2.0
2025-11-13 00:05:50.092 | INFO     | __main__:start:86 - Check interval: 60s
2025-11-13 00:05:50.092 | INFO     | __main__:start:87 - ================================================================================
2025-11-13 00:05:50.092 | INFO     | __main__:run_auto_cycle:138 - Starting auto cycle - scanning all symbols
2025-11-13 00:05:51.690 | INFO     | src.data.loris_api:fetch_all_funding_rates:70 - Fetched 1429 symbols from Loris Tools
2025-11-13 00:05:51.691 | INFO     | __main__:run_auto_cycle:147 - Scanning 1429 symbols from Loris Tools
2025-11-13 00:05:51.692 | SUCCESS  | __main__:run_auto_cycle:153 - Found 23 opportunities
2025-11-13 00:05:51.693 | INFO     | __main__:display_top_opportunities:363 - 
  #  Symbole      Rate 1h    Rate 8h  $/h    Type           Prio
---  ---------  ---------  ---------  -----  -------------  ------
  1  AVNT        -0.00059   -0.00025  $5.90  both_negative
  2  APT         -0.00028   -0.0002   $2.80  both_negative
  3  ENA         -0.00023   -0.00066  $2.30  both_negative
  4  BNB         -0.00022   -6e-05    $2.20  both_negative
  5  AVAX         0.0001    -0.00033  $1.41  mixed
  6  ATOM         0.0001    -0.00028  $1.35  mixed
  7  ETC          0.0001    -0.00024  $1.30  mixed
  8  BERA         0.0001    -0.00021  $1.26  mixed
  9  FARTCOIN     0.00014    0.00011  $1.26  standard
 10  DOT          0.0001    -0.00017  $1.21  mixed
2025-11-13 00:05:51.693 | SUCCESS  | __main__:display_top_opportunities:367 - 🏆 Best: AVNT - $5.90/h ($44.70 per 8h cycle)
2025-11-13 00:05:51.693 | INFO     | __main__:run_auto_cycle:168 - Active pairs: 0/5
2025-11-13 00:05:51.693 | INFO     | __main__:run_auto_cycle:176 - Opening position for AVNT/USDT ($5.90/h)
2025-11-13 00:05:51.693 | INFO     | __main__:run_auto_cycle:176 - Opening position for APT/USDT ($2.80/h)
2025-11-13 00:05:51.694 | INFO     | __main__:run_auto_cycle:176 - Opening position for ENA/USDT ($2.30/h)
2025-11-13 00:05:51.694 | INFO     | __main__:run_auto_cycle:176 - Opening position for BNB/USDT ($2.20/h)
2025-11-13 00:06:34.451 | INFO     | __main__:start:103 - Stopping bot...
2025-11-13 00:06:34.452 | INFO     | __main__:stop:425 - Bot stopped
2025-11-13 00:08:28.811 | INFO     | src.main:__init__:68 - Arbitrage Bot initialized
2025-11-13 00:08:28.812 | INFO     | src.main:__init__:69 - Mode: auto
2025-11-13 00:08:28.812 | INFO     | src.main:run_auto_cycle:138 - Starting auto cycle - scanning all symbols
2025-11-13 00:08:30.400 | INFO     | src.data.loris_api:fetch_all_funding_rates:70 - Fetched 1429 symbols from Loris Tools
2025-11-13 00:08:30.401 | INFO     | src.main:run_auto_cycle:147 - Scanning 1429 symbols from Loris Tools
2025-11-13 00:08:30.401 | INFO     | src.main:run_auto_cycle:196 - No profitable opportunities found
2025-11-13 00:09:28.336 | INFO     | src.main:__init__:68 - Arbitrage Bot initialized
2025-11-13 00:09:28.337 | INFO     | src.main:__init__:69 - Mode: auto
2025-11-13 00:09:28.337 | INFO     | src.main:run_auto_cycle:138 - Starting auto cycle - scanning all symbols
2025-11-13 00:09:29.915 | INFO     | src.data.loris_api:fetch_all_funding_rates:70 - Fetched 1429 symbols from Loris Tools
2025-11-13 00:09:29.915 | INFO     | src.main:run_auto_cycle:147 - Scanning 1429 symbols from Loris Tools
2025-11-13 00:09:29.917 | INFO     | src.main:run_auto_cycle:196 - No profitable opportunities found
2025-11-13 00:10:02.028 | INFO     | src.main:__init__:68 - Arbitrage Bot initialized
2025-11-13 00:10:02.029 | INFO     | src.main:__init__:69 - Mode: auto
2025-11-13 00:10:02.029 | INFO     | src.main:run_auto_cycle:138 - Starting auto cycle - scanning all symbols
2025-11-13 00:10:03.600 | INFO     | src.data.loris_api:fetch_all_funding_rates:70 - Fetched 1429 symbols from Loris Tools
2025-11-13 00:10:03.601 | INFO     | src.main:run_auto_cycle:147 - Scanning 1429 symbols from Loris Tools
2025-11-13 00:10:03.602 | INFO     | src.main:run_auto_cycle:196 - No profitable opportunities found
2025-11-13 00:10:26.150 | INFO     | src.main:__init__:68 - Arbitrage Bot initialized
2025-11-13 00:10:26.151 | INFO     | src.main:__init__:69 - Mode: auto
2025-11-13 00:10:26.151 | INFO     | src.main:run_auto_cycle:138 - Starting auto cycle - scanning all symbols
2025-11-13 00:10:27.713 | INFO     | src.data.loris_api:fetch_all_funding_rates:70 - Fetched 1429 symbols from Loris Tools
2025-11-13 00:10:27.713 | INFO     | src.main:run_auto_cycle:147 - Scanning 1429 symbols from Loris Tools
2025-11-13 00:10:27.714 | ERROR    | src.main:find_all_opportunities:295 - Missing exchanges - 1h: [], 8h: None
2025-11-13 00:10:27.714 | INFO     | src.main:run_auto_cycle:196 - No profitable opportunities found
2025-11-13 00:10:27.714 | INFO     | src.execution.rebalancing:auto_rebalance_if_needed:141 - Auto-rebalancing triggered
2025-11-13 00:10:27.714 | INFO     | src.execution.rebalancing:auto_rebalance_if_needed:142 -   From: Variational
2025-11-13 00:10:27.714 | INFO     | src.execution.rebalancing:auto_rebalance_if_needed:143 -   To: Extended
2025-11-13 00:10:27.714 | INFO     | src.execution.rebalancing:auto_rebalance_if_needed:144 -   Amount: $1961.90
2025-11-13 00:10:27.715 | INFO     | src.execution.rebalancing:execute_rebalancing:111 - Rebalancing: Variational -> Extended, $1961.90
2025-11-13 00:10:27.715 | SUCCESS  | src.execution.rebalancing:execute_rebalancing:118 - Rebalancing completed: $1961.90 transferred
2025-11-13 00:11:01.783 | INFO     | src.main:__init__:68 - Arbitrage Bot initialized
2025-11-13 00:11:01.783 | INFO     | src.main:__init__:69 - Mode: auto
2025-11-13 00:11:01.783 | INFO     | src.main:run_auto_cycle:138 - Starting auto cycle - scanning all symbols
2025-11-13 00:11:03.353 | INFO     | src.data.loris_api:fetch_all_funding_rates:70 - Fetched 1429 symbols from Loris Tools
2025-11-13 00:11:03.353 | INFO     | src.main:run_auto_cycle:147 - Scanning 1429 symbols from Loris Tools
2025-11-13 00:11:03.355 | SUCCESS  | src.main:run_auto_cycle:153 - Found 150 opportunities
2025-11-13 00:11:03.356 | INFO     | src.main:display_top_opportunities:421 - 
  #  Symbole      Rate 1h    Rate 8h  $/h     Type           DEX    Prio
---  ---------  ---------  ---------  ------  -------------  -----  ------
  1  DOOD        -0.00648   -0.00181  $64.80  both_negative  HYP
  2  0G          -0.00605   -0.00761  $60.50  both_negative  HYP
  3  ARK         -0.00355   -0.00548  $35.50  both_negative  HYP
  4  RESOLV      -0.00241   -0.0003   $24.10  both_negative  EXT
  5  BIO         -0.0024    -0.00466  $24.00  both_negative  HYP
  6  INIT        -0.00237    8e-05    $23.80  both_positive  EXT
  7  REZ         -0.00204    6e-05    $20.47  both_positive  HYP
  8  WLFI        -0.00187   -0.00135  $18.70  both_negative  HYP
  9  MOODENG     -0.00172   -0.00223  $17.20  both_negative  HYP
 10  OM          -0.00153   -0.00184  $15.30  both_negative  HYP
2025-11-13 00:11:03.357 | SUCCESS  | src.main:display_top_opportunities:426 - 🏆 Best: DOOD (Hyperliquid) - $64.80/h ($500.30 per 8h cycle)
2025-11-13 00:11:03.357 | INFO     | src.main:run_auto_cycle:168 - Active pairs: 0/5
2025-11-13 00:11:03.357 | INFO     | src.main:run_auto_cycle:177 - Opening position for DOOD/USDT ($64.80/h) - LONG Hyperliquid + SHORT Variational
2025-11-13 00:11:03.357 | INFO     | src.main:run_auto_cycle:177 - Opening position for 0G/USDT ($60.50/h) - LONG Hyperliquid + SHORT Variational
2025-11-13 00:11:03.357 | INFO     | src.main:run_auto_cycle:177 - Opening position for ARK/USDT ($35.50/h) - LONG Hyperliquid + SHORT Variational
2025-11-13 00:11:03.357 | INFO     | src.main:run_auto_cycle:177 - Opening position for RESOLV/USDT ($24.10/h) - LONG Extended + SHORT Variational
2025-11-13 00:11:03.358 | INFO     | src.main:run_auto_cycle:177 - Opening position for BIO/USDT ($24.00/h) - LONG Hyperliquid + SHORT Variational
2025-11-13 00:11:17.803 | INFO     | src.main:__init__:68 - Arbitrage Bot initialized
2025-11-13 00:11:17.803 | INFO     | src.main:__init__:69 - Mode: auto
2025-11-13 00:11:17.804 | INFO     | src.main:run_auto_cycle:138 - Starting auto cycle - scanning all symbols
2025-11-13 00:11:19.355 | INFO     | src.data.loris_api:fetch_all_funding_rates:70 - Fetched 1429 symbols from Loris Tools
2025-11-13 00:11:19.355 | INFO     | src.main:run_auto_cycle:147 - Scanning 1429 symbols from Loris Tools
2025-11-13 00:11:19.357 | SUCCESS  | src.main:run_auto_cycle:153 - Found 150 opportunities
2025-11-13 00:11:19.358 | INFO     | src.main:display_top_opportunities:421 - 
  #  Symbole      Rate 1h    Rate 8h  $/h     Type           DEX    Prio
---  ---------  ---------  ---------  ------  -------------  -----  ------
  1  DOOD        -0.00648   -0.00181  $64.80  both_negative  HYP
  2  0G          -0.00605   -0.00761  $60.50  both_negative  HYP
  3  ARK         -0.00355   -0.00548  $35.50  both_negative  HYP
  4  RESOLV      -0.00241   -0.0003   $24.10  both_negative  EXT
  5  BIO         -0.0024    -0.00466  $24.00  both_negative  HYP
  6  INIT        -0.00237    8e-05    $23.80  both_positive  EXT
  7  REZ         -0.00204    6e-05    $20.47  both_positive  HYP
  8  WLFI        -0.00187   -0.00135  $18.70  both_negative  HYP
  9  MOODENG     -0.00172   -0.00223  $17.20  both_negative  HYP
 10  OM          -0.00153   -0.00184  $15.30  both_negative  HYP
2025-11-13 00:11:19.359 | SUCCESS  | src.main:display_top_opportunities:426 - 🏆 Best: DOOD (Hyperliquid) - $64.80/h ($500.30 per 8h cycle)
2025-11-13 00:11:19.359 | INFO     | src.main:run_auto_cycle:168 - Active pairs: 0/5
2025-11-13 00:11:19.359 | INFO     | src.main:run_auto_cycle:177 - Opening position for DOOD/USDT ($64.80/h) - LONG Hyperliquid + SHORT Variational
2025-11-13 00:11:19.359 | INFO     | src.main:run_auto_cycle:177 - Opening position for 0G/USDT ($60.50/h) - LONG Hyperliquid + SHORT Variational
2025-11-13 00:11:19.359 | INFO     | src.main:run_auto_cycle:177 - Opening position for ARK/USDT ($35.50/h) - LONG Hyperliquid + SHORT Variational
2025-11-13 00:11:19.359 | INFO     | src.main:run_auto_cycle:177 - Opening position for RESOLV/USDT ($24.10/h) - LONG Extended + SHORT Variational
2025-11-13 00:11:19.360 | INFO     | src.main:run_auto_cycle:177 - Opening position for BIO/USDT ($24.00/h) - LONG Hyperliquid + SHORT Variational
2025-11-13 00:11:19.360 | INFO     | src.execution.rebalancing:auto_rebalance_if_needed:141 - Auto-rebalancing triggered
2025-11-13 00:11:19.360 | INFO     | src.execution.rebalancing:auto_rebalance_if_needed:142 -   From: Variational
2025-11-13 00:11:19.360 | INFO     | src.execution.rebalancing:auto_rebalance_if_needed:143 -   To: Extended
2025-11-13 00:11:19.360 | INFO     | src.execution.rebalancing:auto_rebalance_if_needed:144 -   Amount: $2055.01
2025-11-13 00:11:19.361 | INFO     | src.execution.rebalancing:execute_rebalancing:111 - Rebalancing: Variational -> Extended, $2055.01
2025-11-13 00:11:19.361 | SUCCESS  | src.execution.rebalancing:execute_rebalancing:118 - Rebalancing completed: $2055.01 transferred
2025-11-13 00:11:24.894 | INFO     | __main__:__init__:68 - Arbitrage Bot initialized
2025-11-13 00:11:24.895 | INFO     | __main__:__init__:69 - Mode: auto
2025-11-13 00:11:24.896 | INFO     | __main__:start:75 - ================================================================================
2025-11-13 00:11:24.896 | INFO     | __main__:start:76 - 🚀 TIMING FUNDING ARBITRAGE BOT - STARTED
2025-11-13 00:11:24.896 | INFO     | __main__:start:77 - ================================================================================
2025-11-13 00:11:24.896 | INFO     | __main__:start:78 - Mode: auto
2025-11-13 00:11:24.897 | INFO     | __main__:start:83 - Max concurrent pairs: 5
2025-11-13 00:11:24.897 | INFO     | __main__:start:84 - Min profit/hour: $2.0
2025-11-13 00:11:24.897 | INFO     | __main__:start:86 - Check interval: 60s
2025-11-13 00:11:24.897 | INFO     | __main__:start:87 - ================================================================================
2025-11-13 00:11:24.897 | INFO     | __main__:run_auto_cycle:138 - Starting auto cycle - scanning all symbols
2025-11-13 00:11:26.518 | INFO     | src.data.loris_api:fetch_all_funding_rates:70 - Fetched 1429 symbols from Loris Tools
2025-11-13 00:11:26.519 | INFO     | __main__:run_auto_cycle:147 - Scanning 1429 symbols from Loris Tools
2025-11-13 00:11:26.520 | SUCCESS  | __main__:run_auto_cycle:153 - Found 150 opportunities
2025-11-13 00:11:26.521 | INFO     | __main__:display_top_opportunities:421 - 
  #  Symbole      Rate 1h    Rate 8h  $/h     Type           DEX    Prio
---  ---------  ---------  ---------  ------  -------------  -----  ------
  1  DOOD        -0.00648   -0.00181  $64.80  both_negative  HYP
  2  0G          -0.00605   -0.00761  $60.50  both_negative  HYP
  3  ARK         -0.00355   -0.00548  $35.50  both_negative  HYP
  4  RESOLV      -0.00241   -0.0003   $24.10  both_negative  EXT
  5  BIO         -0.0024    -0.00466  $24.00  both_negative  HYP
  6  INIT        -0.00237    8e-05    $23.80  both_positive  EXT
  7  REZ         -0.00204    6e-05    $20.47  both_positive  HYP
  8  WLFI        -0.00187   -0.00135  $18.70  both_negative  HYP
  9  MOODENG     -0.00172   -0.00223  $17.20  both_negative  HYP
 10  OM          -0.00153   -0.00184  $15.30  both_negative  HYP
2025-11-13 00:11:26.522 | SUCCESS  | __main__:display_top_opportunities:426 - 🏆 Best: DOOD (Hyperliquid) - $64.80/h ($500.30 per 8h cycle)
2025-11-13 00:11:26.522 | INFO     | __main__:run_auto_cycle:168 - Active pairs: 0/5
2025-11-13 00:11:26.522 | INFO     | __main__:run_auto_cycle:177 - Opening position for DOOD/USDT ($64.80/h) - LONG Hyperliquid + SHORT Variational
2025-11-13 00:11:26.522 | INFO     | __main__:run_auto_cycle:177 - Opening position for 0G/USDT ($60.50/h) - LONG Hyperliquid + SHORT Variational
2025-11-13 00:11:26.523 | INFO     | __main__:run_auto_cycle:177 - Opening position for ARK/USDT ($35.50/h) - LONG Hyperliquid + SHORT Variational
2025-11-13 00:11:26.523 | INFO     | __main__:run_auto_cycle:177 - Opening position for RESOLV/USDT ($24.10/h) - LONG Extended + SHORT Variational
2025-11-13 00:11:26.523 | INFO     | __main__:run_auto_cycle:177 - Opening position for BIO/USDT ($24.00/h) - LONG Hyperliquid + SHORT Variational
